This is pdfTeX, Version 3.14159-1.10b (Web2C 7.4.5) (format=pdflatex 2005.3.31)  5 AUG 2009 02:03
**2photon_scanpath_summ_20090726.tex
(./2photon_scanpath_summ_20090726.tex{/usr/athena/share/texmf/pdftex/config/pdf
tex.cfg}
LaTeX2e <2001/06/01>
Babel <v3.7h> and hyphenation patterns for american, french, german, ngerman, n
ohyphenation, loaded.
(/usr/athena/share/texmf/tex/latex/base/article.cls
Document Class: article 2001/04/21 v1.4e Standard LaTeX document class
(/usr/athena/share/texmf/tex/latex/base/size10.clo
File: size10.clo 2001/04/21 v1.4e Standard LaTeX file (size option)
)
\c@part=\count79
\c@section=\count80
\c@subsection=\count81
\c@subsubsection=\count82
\c@paragraph=\count83
\c@subparagraph=\count84
\c@figure=\count85
\c@table=\count86
\abovecaptionskip=\skip41
\belowcaptionskip=\skip42
\bibindent=\dimen102
)
No file 2photon_scanpath_summ_20090726.aux.
\openout1 = `2photon_scanpath_summ_20090726.aux'.

LaTeX Font Info:    Checking defaults for OML/cmm/m/it on input line 3.
LaTeX Font Info:    ... okay on input line 3.
LaTeX Font Info:    Checking defaults for T1/cmr/m/n on input line 3.
LaTeX Font Info:    ... okay on input line 3.
LaTeX Font Info:    Checking defaults for OT1/cmr/m/n on input line 3.
LaTeX Font Info:    ... okay on input line 3.
LaTeX Font Info:    Checking defaults for OMS/cmsy/m/n on input line 3.
LaTeX Font Info:    ... okay on input line 3.
LaTeX Font Info:    Checking defaults for OMX/cmex/m/n on input line 3.
LaTeX Font Info:    ... okay on input line 3.
LaTeX Font Info:    Checking defaults for U/cmr/m/n on input line 3.
LaTeX Font Info:    ... okay on input line 3.

Overfull \hbox (78.88904pt too wide) in paragraph at lines 9--14
[]/cmr10/August 5, 2009[]
 []


LaTeX Warning: Reference `fig:methodOutline' on page 1 undefined on input line 
34.

LaTeX Font Info:    External font `cmex10' loaded for size
(Font)              <7> on input line 40.
LaTeX Font Info:    External font `cmex10' loaded for size
(Font)              <5> on input line 40.
[1

{/usr/athena/share/texmf/dvips/config/pdftex.map}]

LaTeX Warning: Citation `lillis' on page 2 undefined on input line 76.


LaTeX Warning: Reference `fig:genpathOutput' on page 2 undefined on input line 
78.


LaTeX Warning: Citation `lillis' on page 2 undefined on input line 81.

! Undefined control sequence.
l.88 \includegraphics
                     [width=0.8\textwidth]{genpathxPosxVeloc30cells.eps}
? q
OK, entering \batchmode...
! Missing number, treated as zero.
<to be read again> 
                   ]
l.88 \includegraphics[width=0.8\textwidth]
                                          {genpathxPosxVeloc30cells.eps}
A number should have been here; I inserted `0'.
(If you can't figure out why I needed to see a number,
look up `weird error' in the index to The TeXbook.)

! Illegal unit of measure (pt inserted).
<to be read again> 
                   ]
l.88 \includegraphics[width=0.8\textwidth]
                                          {genpathxPosxVeloc30cells.eps}
Dimensions can be in units of em, ex, in, pt, pc,
cm, mm, dd, cc, bp, or sp; but yours is a new one!
I'll assume that you meant to say pt, for printer's points.
To recover gracefully from this error, it's best to
delete the erroneous units; e.g., type `2' to delete
two letters. (See Chapter 27 of The TeXbook.)

 [2]
Underfull \hbox (badness 10000) in paragraph at lines 129--133

 []


Underfull \hbox (badness 10000) in paragraph at lines 129--133

 []


Underfull \hbox (badness 10000) in paragraph at lines 129--133

 []

 [3]
No file 2photon_scanpath_summ_20090726.bbl.
 [4] (./2photon_scanpath_summ_20090726.aux)

LaTeX Warning: There were undefined references.


LaTeX Warning: Label(s) may have changed. Rerun to get cross-references right.

 ) 
Here is how much of TeX's memory you used:
 220 strings out of 95437
 2483 string characters out of 1188931
 48420 words of memory out of 1000001
 3299 multiletter control sequences out of 10000+50000
 5760 words of font info for 21 fonts, out of 500000 for 1000
 14 hyphenation exceptions out of 1000
 23i,4n,18p,458b,228s stack positions out of 1500i,500n,5000p,200000b,5000s
 43 PDF objects out of 300000
 0 named destinations out of 131072
 0 words of extra memory for PDF output out of 65536
{/usr/athena/share/texmf/dvips/tetex/bbad153f.enc}</usr/athena/share/texmf/fo
nts/type1/bluesky/cm/cmsy7.pfb></usr/athena/share/texmf/fonts/type1/bluesky/cm/
cmsy10.pfb>{/usr/athena/share/texmf/dvips/tetex/f7b6d320.enc}</usr/athena/share
/texmf/fonts/type1/bluesky/cm/cmr7.pfb></usr/athena/share/texmf/fonts/type1/blu
esky/cm/cmex10.pfb>{/usr/athena/share/texmf/dvips/tetex/aae443f0.enc}</usr/athe
na/share/texmf/fonts/type1/bluesky/cm/cmmi7.pfb></usr/athena/share/texmf/fonts/
type1/bluesky/cm/cmmi10.pfb></usr/athena/share/texmf/fonts/type1/bluesky/cm/cmb
x10.pfb></usr/athena/share/texmf/fonts/type1/bluesky/cm/cmbx12.pfb></usr/athena
/share/texmf/fonts/type1/bluesky/cm/cmr10.pfb>{/usr/athena/share/texmf/dvips/te
tex/0ef0afca.enc}</usr/athena/share/texmf/fonts/type1/bluesky/cm/cmcsc10.pfb>
Output written on 2photon_scanpath_summ_20090726.pdf (4 pages, 63824 bytes).
